{
  "0 debug pnpm:scope": {
    "selected": 1
  },
  "1 debug pnpm:package-manifest": {
    "initial": {
      "name": "minimal-repo-matomo-nextjs",
      "version": "1.0.0",
      "private": true,
      "prettier": "@porsche-design-system/prettier-config",
      "scripts": {
        "dev": "next dev",
        "build": "next build",
        "start": "next start",
        "prettier": "prettier --write '**/*.{ts,tsx}'"
      },
      "dependencies": {
        "@socialgouv/matomo-next": "^1.2.2",
        "next": "11.0.1",
        "react": "16.14.0",
        "react-dom": "16.14.0",
        "react-spring-bottom-sheet": "3.4.0"
      },
      "devDependencies": {
        "@types/node": "^16.11.12",
        "@types/react": "^17.0.34",
        "prettier": "^2.5.1",
        "sass": "^1.38.2",
        "typescript": "^4.4.4"
      }
    },
    "prefix": "/Users/patrickufer/dev/test/matomo-nextjs-pii-bug-minimal-repo"
  },
  "2 debug pnpm:context": {
    "currentLockfileExists": false,
    "storeDir": "/Users/patrickufer/.pnpm-store/v3",
    "virtualStoreDir": "/Users/patrickufer/dev/test/matomo-nextjs-pii-bug-minimal-repo/node_modules/.pnpm"
  },
  "3 debug pnpm:stage": {
    "prefix": "/Users/patrickufer/dev/test/matomo-nextjs-pii-bug-minimal-repo",
    "stage": "resolution_started"
  },
  "4 debug pnpm:_dependency_resolved": {
    "resolution": "registry.npmjs.org/@types/node/16.11.25",
    "wanted": {
      "dependentId": ".",
      "name": "@types/node",
      "rawSpec": "^16.11.12"
    }
  },
  "5 debug pnpm:_dependency_resolved": {
    "resolution": "registry.npmjs.org/@types/react/17.0.39",
    "wanted": {
      "dependentId": ".",
      "name": "@types/react",
      "rawSpec": "^17.0.34"
    }
  },
  "6 debug pnpm:_dependency_resolved": {
    "resolution": "registry.npmjs.org/prettier/2.5.1",
    "wanted": {
      "dependentId": ".",
      "name": "prettier",
      "rawSpec": "^2.5.1"
    }
  },
  "7 debug pnpm:_dependency_resolved": {
    "resolution": "registry.npmjs.org/sass/1.49.7",
    "wanted": {
      "dependentId": ".",
      "name": "sass",
      "rawSpec": "^1.38.2"
    }
  },
  "8 debug pnpm:_dependency_resolved": {
    "resolution": "registry.npmjs.org/typescript/4.5.5",
    "wanted": {
      "dependentId": ".",
      "name": "typescript",
      "rawSpec": "^4.4.4"
    }
  },
  "9 debug pnpm:_dependency_resolved": {
    "resolution": "registry.npmjs.org/@socialgouv/matomo-next/1.2.2",
    "wanted": {
      "dependentId": ".",
      "name": "@socialgouv/matomo-next",
      "rawSpec": "^1.2.2"
    }
  },
  "10 debug pnpm:_dependency_resolved": {
    "resolution": "registry.npmjs.org/next/11.0.1",
    "wanted": {
      "dependentId": ".",
      "name": "next",
      "rawSpec": "11.0.1"
    }
  },
  "11 debug pnpm:_dependency_resolved": {
    "resolution": "registry.npmjs.org/react/16.14.0",
    "wanted": {
      "dependentId": ".",
      "name": "react",
      "rawSpec": "16.14.0"
    }
  },
  "12 debug pnpm:_dependency_resolved": {
    "resolution": "registry.npmjs.org/react-dom/16.14.0",
    "wanted": {
      "dependentId": ".",
      "name": "react-dom",
      "rawSpec": "16.14.0"
    }
  },
  "13 debug pnpm:_dependency_resolved": {
    "resolution": "registry.npmjs.org/react-spring-bottom-sheet/3.4.0",
    "wanted": {
      "dependentId": ".",
      "name": "react-spring-bottom-sheet",
      "rawSpec": "3.4.0"
    }
  },
  "14 debug pnpm:progress": {
    "packageId": "registry.npmjs.org/@types/node/16.11.25",
    "requester": "/Users/patrickufer/dev/test/matomo-nextjs-pii-bug-minimal-repo",
    "status": "found_in_store"
  },
  "15 debug pnpm:progress": {
    "packageId": "registry.npmjs.org/@types/node/16.11.25",
    "requester": "/Users/patrickufer/dev/test/matomo-nextjs-pii-bug-minimal-repo",
    "status": "resolved"
  },
  "16 debug pnpm:progress": {
    "packageId": "registry.npmjs.org/@types/react/17.0.39",
    "requester": "/Users/patrickufer/dev/test/matomo-nextjs-pii-bug-minimal-repo",
    "status": "found_in_store"
  },
  "17 debug pnpm:progress": {
    "packageId": "registry.npmjs.org/@types/react/17.0.39",
    "requester": "/Users/patrickufer/dev/test/matomo-nextjs-pii-bug-minimal-repo",
    "status": "resolved"
  },
  "18 debug pnpm:progress": {
    "packageId": "registry.npmjs.org/prettier/2.5.1",
    "requester": "/Users/patrickufer/dev/test/matomo-nextjs-pii-bug-minimal-repo",
    "status": "found_in_store"
  },
  "19 debug pnpm:progress": {
    "packageId": "registry.npmjs.org/prettier/2.5.1",
    "requester": "/Users/patrickufer/dev/test/matomo-nextjs-pii-bug-minimal-repo",
    "status": "resolved"
  },
  "20 debug pnpm:progress": {
    "packageId": "registry.npmjs.org/@socialgouv/matomo-next/1.2.2",
    "requester": "/Users/patrickufer/dev/test/matomo-nextjs-pii-bug-minimal-repo",
    "status": "found_in_store"
  },
  "21 debug pnpm:progress": {
    "packageId": "registry.npmjs.org/@socialgouv/matomo-next/1.2.2",
    "requester": "/Users/patrickufer/dev/test/matomo-nextjs-pii-bug-minimal-repo",
    "status": "resolved"
  },
  "22 debug pnpm:progress": {
    "packageId": "registry.npmjs.org/typescript/4.5.5",
    "requester": "/Users/patrickufer/dev/test/matomo-nextjs-pii-bug-minimal-repo",
    "status": "found_in_store"
  },
  "23 debug pnpm:progress": {
    "packageId": "registry.npmjs.org/typescript/4.5.5",
    "requester": "/Users/patrickufer/dev/test/matomo-nextjs-pii-bug-minimal-repo",
    "status": "resolved"
  },
  "24 debug pnpm:progress": {
    "packageId": "registry.npmjs.org/sass/1.49.7",
    "requester": "/Users/patrickufer/dev/test/matomo-nextjs-pii-bug-minimal-repo",
    "status": "found_in_store"
  },
  "25 debug pnpm:progress": {
    "packageId": "registry.npmjs.org/sass/1.49.7",
    "requester": "/Users/patrickufer/dev/test/matomo-nextjs-pii-bug-minimal-repo",
    "status": "resolved"
  },
  "26 debug pnpm:progress": {
    "packageId": "registry.npmjs.org/react/16.14.0",
    "requester": "/Users/patrickufer/dev/test/matomo-nextjs-pii-bug-minimal-repo",
    "status": "found_in_store"
  },
  "27 debug pnpm:progress": {
    "packageId": "registry.npmjs.org/react/16.14.0",
    "requester": "/Users/patrickufer/dev/test/matomo-nextjs-pii-bug-minimal-repo",
    "status": "resolved"
  },
  "28 debug pnpm:progress": {
    "packageId": "registry.npmjs.org/react-dom/16.14.0",
    "requester": "/Users/patrickufer/dev/test/matomo-nextjs-pii-bug-minimal-repo",
    "status": "found_in_store"
  },
  "29 debug pnpm:progress": {
    "packageId": "registry.npmjs.org/react-dom/16.14.0",
    "requester": "/Users/patrickufer/dev/test/matomo-nextjs-pii-bug-minimal-repo",
    "status": "resolved"
  },
  "30 debug pnpm:progress": {
    "packageId": "registry.npmjs.org/next/11.0.1",
    "requester": "/Users/patrickufer/dev/test/matomo-nextjs-pii-bug-minimal-repo",
    "status": "found_in_store"
  },
  "31 debug pnpm:progress": {
    "packageId": "registry.npmjs.org/next/11.0.1",
    "requester": "/Users/patrickufer/dev/test/matomo-nextjs-pii-bug-minimal-repo",
    "status": "resolved"
  },
  "32 debug pnpm:progress": {
    "packageId": "registry.npmjs.org/react-spring-bottom-sheet/3.4.0",
    "requester": "/Users/patrickufer/dev/test/matomo-nextjs-pii-bug-minimal-repo",
    "status": "found_in_store"
  },
  "33 debug pnpm:progress": {
    "packageId": "registry.npmjs.org/react-spring-bottom-sheet/3.4.0",
    "requester": "/Users/patrickufer/dev/test/matomo-nextjs-pii-bug-minimal-repo",
    "status": "resolved"
  },
  "34 error pnpm": {
    "code": "ERR_PNPM_FETCH_404",
    "hint": "@porsche-design-system/components-react is not in the npm registry, or you have no permission to fetch it.\n\nNo authorization header was set for the request.",
    "request": {
      "url": "https://registry.npmjs.org/@porsche-design-system%2Fcomponents-react"
    },
    "response": {
      "size": 0
    },
    "pkgName": "@porsche-design-system/components-react",
    "pkgsStack": [],
    "err": {
      "name": "pnpm",
      "message": "GET https://registry.npmjs.org/@porsche-design-system%2Fcomponents-react: Not Found - 404",
      "code": "ERR_PNPM_FETCH_404",
      "stack": "pnpm: GET https://registry.npmjs.org/@porsche-design-system%2Fcomponents-react: Not Found - 404\n    at RetryOperation._fn (/Users/patrickufer/pnpm-global/5/node_modules/.pnpm/pnpm@6.32.1/node_modules/pnpm/dist/pnpm.cjs:85680:19)\n    at processTicksAndRejections (internal/process/task_queues.js:95:5)"
    }
  }
}